"../../../Engine/Content/Animation/DefaultAnimCurveCompressionSettings.uasset" 0
"../../../Engine/Content/ArtTools/RenderToTexture/Enums/RenderToTexture_Enum.uasset" 1
"../../../Engine/Content/ArtTools/RenderToTexture/Enums/RenderToTexture_Flipbook_Enum.uasset" 2
"../../../Engine/Content/ArtTools/RenderToTexture/Enums/RenderToTexture_Imposter_Enum.uasset" 3
"../../../Engine/Content/EditorBlueprintResources/StandardMacros.uasset" 4
"../../../Engine/Content/ArtTools/RenderToTexture/Enums/EIntTypes.uasset" 5
"../../../Engine/Content/ArtTools/RenderToTexture/Macros/RenderToTextureFunctionLibrary.uasset" 6
"../../../Engine/Content/ArtTools/RenderToTexture/Enums/EFloatTypes.uasset" 7
"../../../Engine/Content/ArtTools/RenderToTexture/Macros/RenderToTextureMacros.uasset" 8
"../../../Engine/Content/Functions/Engine_MaterialFunctions01/Opacity/CameraDepthFade.uasset" 9
"../../../Engine/Content/EngineMaterials/T_Default_Material_Grid_M.uasset" 10
"../../../Engine/Content/EngineMaterials/T_Default_Material_Grid_N.uasset" 11
"../../../Engine/Content/EngineMaterials/WorldGridMaterial.uasset" 12
"../../../Engine/Content/ArtTools/RenderToTexture/Meshes/S_1_Unit_Plane.uasset" 13
"../../../Engine/Content/EngineMaterials/DefaultMaterial.uasset" 14
"../../../Engine/Content/BasicShapes/Cone.uasset" 15
"../../../Engine/Content/BasicShapes/Plane.uasset" 16
"../../../Engine/Content/BasicShapes/Sphere.uasset" 17
"../../../Engine/Content/EngineMaterials/DefaultPhysicalMaterial.uasset" 18
"../../../Engine/Content/BufferVisualization/AmbientOcclusion.uasset" 19
"../../../Engine/Content/BufferVisualization/BaseColor.uasset" 20
"../../../Engine/Content/BufferVisualization/CustomDepth.uasset" 21
"../../../Engine/Content/Functions/Engine_MaterialFunctions02/Utility/VectorLength.uasset" 22
"../../../Engine/Content/BufferVisualization/CustomDepthWorldUnits.uasset" 23
"../../../Engine/Content/Functions/Engine_MaterialFunctions02/Utility/BreakOutFloat2Components.uasset" 24
"../../../Engine/Content/Functions/Engine_MaterialFunctions01/Texturing/ScaleUVsByCenter.uasset" 25
"../../../Engine/Content/Functions/Engine_MaterialFunctions02/ScreenResolution.uasset" 26
"../../../Engine/Content/Functions/Engine_MaterialFunctions02/Texturing/ScreenAlignedUVs.uasset" 27
"../../../Engine/Content/Functions/Engine_MaterialFunctions02/Utility/MakeFloat2.uasset" 28
"../../../Engine/Content/Functions/Engine_MaterialFunctions02/Utility/MakeFloat3.uasset" 29
"../../../Engine/Content/EngineMaterials/MiniFont.uasset" 30
"../../../Engine/Content/BufferVisualization/CustomStencil.uasset" 31
"../../../Engine/Content/BufferVisualization/FinalImage.uasset" 32
"../../../Engine/Content/BufferVisualization/LightingModel.uasset" 33
"../../../Engine/Content/BufferVisualization/MaterialAO.uasset" 34
"../../../Engine/Content/BufferVisualization/Metallic.uasset" 35
"../../../Engine/Content/BufferVisualization/Opacity.uasset" 36
"../../../Engine/Content/BufferVisualization/PostTonemapHDRColor.uasset" 37
"../../../Engine/Content/BufferVisualization/PreTonemapHDRColor.uasset" 38
"../../../Engine/Content/BufferVisualization/Roughness.uasset" 39
"../../../Engine/Content/BufferVisualization/SceneColor.uasset" 40
"../../../Engine/Content/BufferVisualization/SceneDepth.uasset" 41
"../../../Engine/Content/BufferVisualization/SceneDepthWorldUnits.uasset" 42
"../../../Engine/Content/BufferVisualization/SeparateTranslucencyA.uasset" 43
"../../../Engine/Content/BufferVisualization/SeparateTranslucencyRGB.uasset" 44
"../../../Engine/Content/BufferVisualization/Specular.uasset" 45
"../../../Engine/Content/BufferVisualization/SubsurfaceColor.uasset" 46
"../../../Engine/Content/BufferVisualization/Velocity.uasset" 47
"../../../Engine/Content/BufferVisualization/WorldNormal.uasset" 48
"../../../Engine/Content/EditorBlueprintResources/ActorMacros.uasset" 49
"../../../Engine/Content/EditorLandscapeResources/DataLayer.uasset" 50
"../../../Engine/Content/EditorLandscapeResources/DefaultAlphaTexture.uasset" 51
"../../../Engine/Content/EditorLandscapeResources/LandscapeGizmoHeight_Mat.uasset" 52
"../../../Engine/Content/EditorLandscapeResources/LandscapeGizmo_Mat.uasset" 53
"../../../Engine/Content/EditorLandscapeResources/LandscapeGizmo_Mat_Copied.uasset" 54
"../../../Engine/Content/EditorLandscapeResources/SplineEditorMeshMat.uasset" 55
"../../../Engine/Content/EditorLandscapeResources/SplineEditorMesh.uasset" 56
"../../../Engine/Content/EditorMaterials/Cross.uasset" 57
"../../../Engine/Content/EditorMaterials/Cross_Mat.uasset" 58
"../../../Engine/Content/EditorMaterials/GizmoMaterial.uasset" 59
"../../../Engine/Content/Functions/Engine_MaterialFunctions02/ExampleContent/Textures/flipbook.uasset" 60
"../../../Engine/Content/Functions/Engine_MaterialFunctions02/Texturing/FlipBook.uasset" 61
"../../../Engine/Content/Functions/Engine_MaterialFunctions02/Utility/Sign.uasset" 62
"../../../Engine/Content/Functions/Engine_MaterialFunctions02/Utility/Round.uasset" 63
"../../../Engine/Content/EditorResources/T_EditorHelp.uasset" 64
"../../../Engine/Content/EditorMaterials/HelpActorMaterial.uasset" 65
"../../../Engine/Content/EditorMaterials/CompositeARGBLayer.uasset" 66
"../../../Engine/Content/EditorMaterials/TilingAALineIntegral.uasset" 67
"../../../Engine/Content/EditorMaterials/TilingAALineBoxFiltered.uasset" 68
"../../../Engine/Content/Functions/Engine_MaterialFunctions03/Procedurals/ComputeFilterWidth.uasset" 69
"../../../Engine/Content/EditorMaterials/TilingAADots.uasset" 70
"../../../Engine/Content/EngineMaterials/BlendFunc_DefBase.uasset" 71
"../../../Engine/Content/EngineMaterials/BlendFunc_DefBlend.uasset" 72
"../../../Engine/Content/Functions/Engine_MaterialFunctions03/Blends/Blend_Screen.uasset" 73
"../../../Engine/Content/EditorMaterials/TilingAAGrid.uasset" 74
"../../../Engine/Content/EditorMaterials/LevelGridMaterial.uasset" 75
"../../../Engine/Content/EditorMaterials/MakeCompositeARGBLayer.uasset" 76
"../../../Engine/Content/EditorResources/LevelGrid1DStripes.uasset" 77
"../../../Engine/Content/EditorMaterials/TextureGridCascaded1D.uasset" 78
"../../../Engine/Content/EditorMaterials/TextureGridCascaded2D.uasset" 79
"../../../Engine/Content/EditorMaterials/LevelGridMaterial2.uasset" 80
"../../../Engine/Content/EditorMaterials/MAT_Groups_Toggle.uasset" 81
"../../../Engine/Content/EditorMaterials/MAT_Groups_Visibility.uasset" 82
"../../../Engine/Content/EditorMaterials/AntialiasedGridFloor.uasset" 83
"../../../Engine/Content/EditorResources/TilePatine_D.uasset" 84
"../../../Engine/Content/EditorResources/TilePatine_N.uasset" 85
"../../../Engine/Content/EngineMaterials/Grid.uasset" 86
"../../../Engine/Content/EditorMaterials/PersonaFloorMat.uasset" 87
"../../../Engine/Content/EditorMaterials/PhAT_BoneSelectedMaterial.uasset" 88
"../../../Engine/Content/EditorMaterials/PhAT_ElemSelectedMaterial.uasset" 89
"../../../Engine/Content/EditorMaterials/PhAT_NoCollisionMaterial.uasset" 90
"../../../Engine/Content/EditorMaterials/PhAT_UnselectedMaterial.uasset" 91
"../../../Engine/Content/EditorMaterials/PreviewShadowIndicator.uasset" 92
"../../../Engine/Content/EditorMaterials/PreviewShadowIndicatorMaterial.uasset" 93
"../../../Engine/Content/EditorMaterials/TargetIcon.uasset" 94
"../../../Engine/Content/EditorMaterials/Tick.uasset" 95
"../../../Engine/Content/EditorMaterials/Tick_Mat.uasset" 96
"../../../Engine/Content/EditorMaterials/WidgetGridVertexColorMaterial.uasset" 97
"../../../Engine/Content/EditorMaterials/WidgetGridVertexColorMaterial_Ma.uasset" 98
"../../../Engine/Content/EditorMaterials/WidgetMaterial.uasset" 99
"../../../Engine/Content/EditorMaterials/WidgetMaterial_Current.uasset" 100
"../../../Engine/Content/EditorMaterials/WidgetMaterial_X.uasset" 101
"../../../Engine/Content/EditorMaterials/WidgetMaterial_Y.uasset" 102
"../../../Engine/Content/EditorMaterials/WidgetMaterial_Z.uasset" 103
"../../../Engine/Content/EditorMaterials/WidgetVertexColorMaterial.uasset" 104
"../../../Engine/Content/EditorMaterials/MatineeGroups/MAT_ColorTrack.uasset" 105
"../../../Engine/Content/EditorMaterials/MatineeGroups/MAT_Groups_Anim.uasset" 106
"../../../Engine/Content/EditorMaterials/MatineeGroups/MAT_Groups_AudioMaster.uasset" 107
"../../../Engine/Content/EditorMaterials/MatineeGroups/MAT_Groups_Director.uasset" 108
"../../../Engine/Content/EditorMaterials/MatineeGroups/MAT_Groups_Event.uasset" 109
"../../../Engine/Content/EditorMaterials/MatineeGroups/MAT_Groups_Fade.uasset" 110
"../../../Engine/Content/EditorMaterials/MatineeGroups/MAT_Groups_Float.uasset" 111
"../../../Engine/Content/EditorMaterials/MatineeGroups/MAT_Groups_Move.uasset" 112
"../../../Engine/Content/EditorMaterials/MatineeGroups/MAT_Groups_Slomo.uasset" 113
"../../../Engine/Content/EditorMaterials/MatineeGroups/MAT_Groups_Sound.uasset" 114
"../../../Engine/Content/EditorMaterials/MatineeGroups/MAT_Groups_Vector.uasset" 115
"../../../Engine/Content/EditorMaterials/ParticleSystems/PSysThumbnail_NoImage.uasset" 116
"../../../Engine/Content/EditorMaterials/ParticleSystems/PSysThumbnail_OOD.uasset" 117
"../../../Engine/Content/EditorMaterials/Thumbnails/FloorPlaneMaterial.uasset" 118
"../../../Engine/Content/EditorMeshes/EditorCube.uasset" 119
"../../../Engine/Content/EditorMeshes/EditorCylinder.uasset" 120
"../../../Engine/Content/EditorMeshes/EditorPlane.uasset" 121
"../../../Engine/Content/EditorMaterials/Thumbnails/SkySphereMaterial.uasset" 122
"../../../Engine/Content/EditorMeshes/EditorSkySphere.uasset" 123
"../../../Engine/Content/EditorMeshes/EditorSphere.uasset" 124
"../../../Engine/Content/EditorResources/MatineeCam_D.uasset" 125
"../../../Engine/Content/EditorMaterials/MatineeCam_mat.uasset" 126
"../../../Engine/Content/EditorMeshes/MatineeCam_SM.uasset" 127
"../../../Engine/Content/Functions/Engine_MaterialFunctions01/Shading/ConvertFromDiffSpec.uasset" 128
"../../../Engine/Content/EditorMaterials/GridMaterial.uasset" 129
"../../../Engine/Content/EditorMeshes/PhAT_FloorBox.uasset" 130
"../../../Engine/Content/EditorMeshes/PlanarReflectionPlane.uasset" 131
"../../../Engine/Content/EditorMaterials/Camera/CineMat.uasset" 132
"../../../Engine/Content/EditorMaterials/Camera/MI_CineMat_CameraBody.uasset" 133
"../../../Engine/Content/EngineDebugMaterials/M_SimpleOpaque.uasset" 134
"../../../Engine/Content/EditorMaterials/Camera/MI_CineMat_CamViewFinder.uasset" 135
"../../../Engine/Content/EditorMeshes/Camera/SM_CineCam.uasset" 136
"../../../Engine/Content/EditorMaterials/Camera/MI_CineMat_Rig.uasset" 137
"../../../Engine/Content/EditorMeshes/Camera/SM_CraneRig_Arm.uasset" 138
"../../../Engine/Content/EditorMeshes/Camera/SM_CraneRig_Base.uasset" 139
"../../../Engine/Content/EditorMeshes/Camera/SM_CraneRig_Body.uasset" 140
"../../../Engine/Content/EditorMeshes/Camera/SM_CraneRig_Mount.uasset" 141
"../../../Engine/Content/EditorMeshes/Camera/SM_RailRig_Mount.uasset" 142
"../../../Engine/Content/EditorMeshes/Camera/SM_RailRig_Track.uasset" 143
"../../../Engine/Content/EditorMeshes/ColorCalibrator/M_ChromeBall.uasset" 144
"../../../Engine/Content/EditorResources/Bad.uasset" 145
"../../../Engine/Content/EditorResources/BSPVertex.uasset" 146
"../../../Engine/Content/EditorResources/EmptyActor.uasset" 147
"../../../Engine/Content/EditorResources/MatInstActSprite.uasset" 148
"../../../Engine/Content/EditorResources/SceneManager.uasset" 149
"../../../Engine/Content/EditorResources/SmallFont.uasset" 150
"../../../Engine/Content/EditorResources/S_Actor.uasset" 151
"../../../Engine/Content/EditorResources/S_DecalActorIcon.uasset" 152
"../../../Engine/Content/EditorResources/S_Emitter.uasset" 153
"../../../Engine/Content/EditorResources/S_ExpoHeightFog.uasset" 154
"../../../Engine/Content/EditorResources/S_FTest.uasset" 155
"../../../Engine/Content/EditorResources/S_KBSJoint.uasset" 156
"../../../Engine/Content/EditorResources/S_KHinge.uasset" 157
"../../../Engine/Content/EditorResources/S_KPrismatic.uasset" 158
"../../../Engine/Content/EditorResources/S_LevelSequence.uasset" 159
"../../../Engine/Content/EditorResources/S_NavP.uasset" 160
"../../../Engine/Content/EditorResources/S_Note.uasset" 161
"../../../Engine/Content/EditorResources/S_Player.uasset" 162
"../../../Engine/Content/EditorResources/S_PortalActorIcon2.uasset" 163
"../../../Engine/Content/EditorResources/S_RadForce.uasset" 164
"../../../Engine/Content/EditorResources/S_ReflActorIcon.uasset" 165
"../../../Engine/Content/EditorResources/S_Terrain.uasset" 166
"../../../Engine/Content/EditorResources/S_TextRenderActorIcon.uasset" 167
"../../../Engine/Content/EditorResources/S_Thruster.uasset" 168
"../../../Engine/Content/EditorResources/S_Trigger.uasset" 169
"../../../Engine/Content/EditorResources/S_VectorFieldVol.uasset" 170
"../../../Engine/Content/EditorResources/S_WindDirectional.uasset" 171
"../../../Engine/Content/EditorResources/AI/S_NavLink.uasset" 172
"../../../Engine/Content/EditorResources/AudioIcons/S_AudioComponent.uasset" 173
"../../../Engine/Content/EditorResources/LightIcons/SkyLight.uasset" 174
"../../../Engine/Content/EditorResources/LightIcons/S_LightDirectional.uasset" 175
"../../../Engine/Content/EditorResources/LightIcons/S_LightDirectionalMove.uasset" 176
"../../../Engine/Content/EditorResources/LightIcons/S_LightError.uasset" 177
"../../../Engine/Content/EditorResources/LightIcons/S_LightPoint.uasset" 178
"../../../Engine/Content/EditorResources/LightIcons/S_LightPointMove.uasset" 179
"../../../Engine/Content/EditorResources/LightIcons/S_LightSpot.uasset" 180
"../../../Engine/Content/EditorResources/LightIcons/S_LightSpotMove.uasset" 181
"../../../Engine/Content/EditorResources/SequenceRecorder/Countdown.uasset" 182
"../../../Engine/Content/EditorResources/SequenceRecorder/RecordingIndicator.uasset" 183
"../../../Engine/Content/EditorResources/Spline/T_Loft_Spline.uasset" 184
"../../../Engine/Content/EditorSounds/Notifications/CompileFailed.uasset" 185
"../../../Engine/Content/EditorSounds/Notifications/CompileFailed_Cue.uasset" 186
"../../../Engine/Content/EditorSounds/Notifications/CompileSuccess.uasset" 187
"../../../Engine/Content/EditorSounds/Notifications/CompileStart_Cue.uasset" 188
"../../../Engine/Content/EditorSounds/Notifications/CompileSuccess_Cue.uasset" 189
"../../../Engine/Content/EngineDamageTypes/DmgTypeBP_Environmental.uasset" 190
"../../../Engine/Content/EngineDebugMaterials/HeatmapGradient.uasset" 191
"../../../Engine/Content/EngineDebugMaterials/BoneWeightMaterial.uasset" 192
"../../../Engine/Content/EngineDebugMaterials/ClothMaterial.uasset" 193
"../../../Engine/Content/EngineDebugMaterials/ClothMaterial_WF.uasset" 194
"../../../Engine/Content/EngineDebugMaterials/DebugEditorMaterial.uasset" 195
"../../../Engine/Content/EngineDebugMaterials/DebugMeshMaterial.uasset" 196
"../../../Engine/Content/EngineDebugMaterials/GeomMaterial.uasset" 197
"../../../Engine/Content/EngineDebugMaterials/LevelColorationLitMaterial.uasset" 198
"../../../Engine/Content/EngineDebugMaterials/LevelColorationUnlitMaterial.uasset" 199
"../../../Engine/Content/EngineMaterials/DefaultWhiteGrid.uasset" 200
"../../../Engine/Content/EngineDebugMaterials/MAT_LevelColorationLitLightmapUV.uasset" 201
"../../../Engine/Content/EngineDebugMaterials/M_SimpleTranslucent.uasset" 202
"../../../Engine/Content/EngineDebugMaterials/ShadedLevelColorationLitMaterial.uasset" 203
"../../../Engine/Content/EngineDebugMaterials/ShadedLevelColorationUnlitMateri.uasset" 204
"../../../Engine/Content/EngineDebugMaterials/VertexColorMaterial.uasset" 205
"../../../Engine/Content/EngineDebugMaterials/VertexColorViewMode_AlphaAsColor.uasset" 206
"../../../Engine/Content/EngineDebugMaterials/VertexColorViewMode_BlueOnly.uasset" 207
"../../../Engine/Content/EngineDebugMaterials/VertexColorViewMode_ColorOnly.uasset" 208
"../../../Engine/Content/EngineDebugMaterials/VertexColorViewMode_GreenOnly.uasset" 209
"../../../Engine/Content/EngineDebugMaterials/VertexColorViewMode_RedOnly.uasset" 210
"../../../Engine/Content/EngineDebugMaterials/WireframeMaterial.uasset" 211
"../../../Engine/Content/EngineFonts/Faces/RobotoBold.uasset" 212
"../../../Engine/Content/EngineFonts/Faces/RobotoBoldItalic.uasset" 213
"../../../Engine/Content/EngineFonts/Faces/RobotoItalic.uasset" 214
"../../../Engine/Content/EngineFonts/Faces/RobotoLight.uasset" 215
"../../../Engine/Content/EngineFonts/Faces/RobotoRegular.uasset" 216
"../../../Engine/Content/EngineFonts/Roboto.uasset" 217
"../../../Engine/Content/EngineFonts/Faces/RobotoTiny.uasset" 218
"../../../Engine/Content/EngineFonts/RobotoTiny.uasset" 219
"../../../Engine/Content/EngineFonts/SmallFont.uasset" 220
"../../../Engine/Content/EngineFonts/TinyFont.uasset" 221
"../../../Engine/Content/EngineMaterials/BaseFlattenDiffuseMap.uasset" 222
"../../../Engine/Content/EngineMaterials/BaseFlattenEmissiveMap.uasset" 223
"../../../Engine/Content/EngineMaterials/BaseFlattenGrayscaleMap.uasset" 224
"../../../Engine/Content/EngineMaterials/BaseFlattenNormalMap.uasset" 225
"../../../Engine/Content/EngineMaterials/BaseFlattenMaterial.uasset" 226
"../../../Engine/Content/EngineResources/WhiteSquareTexture.uasset" 227
"../../../Engine/Content/EngineMaterials/BlinkingCaret.uasset" 228
"../../../Engine/Content/EngineMaterials/DefaultBloomKernel.uasset" 229
"../../../Engine/Content/EngineMaterials/DefaultBokeh.uasset" 230
"../../../Engine/Content/EngineMaterials/DefaultDiffuse.uasset" 231
"../../../Engine/Content/EngineMaterials/DefaultDeferredDecalMaterial.uasset" 232
"../../../Engine/Content/EngineMaterials/DefaultLightFunctionMaterial.uasset" 233
"../../../Engine/Content/EngineMaterials/DefaultNormal.uasset" 234
"../../../Engine/Content/EngineMaterials/DefaultPostProcessMaterial.uasset" 235
"../../../Engine/Content/EngineFonts/RobotoDistanceField.uasset" 236
"../../../Engine/Content/EngineMaterials/DefaultTextMaterialOpaque.uasset" 237
"../../../Engine/Content/EngineMaterials/EditorBrushMaterial.uasset" 238
"../../../Engine/Content/EngineMaterials/Grid_N.uasset" 239
"../../../Engine/Content/EngineMaterials/HighResolutionScreenshotMaskFunction.uasset" 240
"../../../Engine/Content/EngineMaterials/HighResScreenshot.uasset" 241
"../../../Engine/Content/EngineMaterials/HighResScreenshotCaptureRegion.uasset" 242
"../../../Engine/Content/EngineMaterials/HighResScreenshotMask.uasset" 243
"../../../Engine/Content/EngineMaterials/LandscapeHolePhysicalMaterial.uasset" 244
"../../../Engine/Content/EngineMaterials/InvalidLightmapSettings.uasset" 245
"../../../Engine/Content/EngineMaterials/M_InvalidLightmapSettings.uasset" 246
"../../../Engine/Content/EngineMaterials/PaperDiffuse.uasset" 247
"../../../Engine/Content/EngineMaterials/PaperNormal.uasset" 248
"../../../Engine/Content/Functions/Engine_MaterialFunctions02/WorldPositionOffset/CameraOffset.uasset" 249
"../../../Engine/Content/EngineMaterials/PhAT_JointLimitMaterial.uasset" 250
"../../../Engine/Content/EngineMaterials/PhysMat_Rubber.uasset" 251
"../../../Engine/Content/EngineMaterials/PreintegratedSkinBRDF.uasset" 252
"../../../Engine/Content/EngineMaterials/RemoveSurfaceMaterial.uasset" 253
"../../../Engine/Content/EngineMaterials/WeightMapPlaceholderTexture.uasset" 254
"../../../Engine/Content/EngineMaterials/Widget3DPassThrough.uasset" 255
"../../../Engine/Content/EngineMaterials/Widget3DPassThrough_Masked.uasset" 256
"../../../Engine/Content/EngineMaterials/Widget3DPassThrough_Opaque.uasset" 257
"../../../Engine/Content/EngineMaterials/Widget3DPassThrough_Masked_OneSided.uasset" 258
"../../../Engine/Content/EngineMaterials/Widget3DPassThrough_Opaque_OneSided.uasset" 259
"../../../Engine/Content/EngineMaterials/Widget3DPassThrough_Translucent.uasset" 260
"../../../Engine/Content/EngineMaterials/Widget3DPassThrough_Translucent_OneSided.uasset" 261
"../../../Engine/Content/EngineMeshes/Cube.uasset" 262
"../../../Engine/Content/EngineMeshes/Cylinder.uasset" 263
"../../../Engine/Content/EngineMeshes/Sphere.uasset" 264
"../../../Engine/Content/EngineResources/Black.uasset" 265
"../../../Engine/Content/EngineResources/DefaultTexture.uasset" 266
"../../../Engine/Content/EngineResources/DefaultTextureCube.uasset" 267
"../../../Engine/Content/EngineResources/DefaultVolumeTexture2D.uasset" 268
"../../../Engine/Content/EngineResources/DefaultVolumeTexture.uasset" 269
"../../../Engine/Content/EngineResources/GradientTexture0.uasset" 270
"../../../Engine/Content/EngineResources/StreamingPauseIcon.uasset" 271
"../../../Engine/Content/EngineResources/M_StreamingPause.uasset" 272
"../../../Engine/Content/EngineSounds/Master.uasset" 273
"../../../Engine/Content/Functions/Engine_MaterialFunctions01/Shading/PowerToRoughness.uasset" 274
"../../../Engine/Content/Maps/Templates/Thumbnails/Default.uasset" 275
"../../../Engine/Content/Maps/Templates/Thumbnails/VR-Basic.uasset" 276
"../../../Engine/Content/MapTemplates/Sky/DaylightAmbientCubemap.uasset" 277
"../../../Engine/Content/MobileResources/T_MobileControls_texture.uasset" 278
"../../../Engine/Content/MobileResources/T_MobileMenu2.uasset" 279
"../../../Engine/Content/MobileResources/HUD/AnalogHat.uasset" 280
"../../../Engine/Content/MobileResources/HUD/VirtualJoystick_Background.uasset" 281
"../../../Engine/Content/MobileResources/HUD/VirtualJoystick_Thumb.uasset" 282
"../../../Engine/Content/MobileResources/HUD/DefaultVirtualJoysticks.uasset" 283
"../../../Engine/Content/MobileResources/HUD/LeftVirtualJoystickOnly.uasset" 284
"../../../Engine/Content/MobileResources/HUD/MobileHUDButton1_off.uasset" 285
"../../../Engine/Content/MobileResources/HUD/MobileHUDButton1_on.uasset" 286
"../../../Engine/Content/MobileResources/HUD/MobileHUDButton2_off.uasset" 287
"../../../Engine/Content/MobileResources/HUD/MobileHUDButton2_on.uasset" 288
"../../../Engine/Content/MobileResources/HUD/MobileHUDButton3.uasset" 289
"../../../Engine/Content/MobileResources/HUD/MobileHUDButtonFire.uasset" 290
"../../../Engine/Content/MobileResources/HUD/MobileHUDDirectionPad.uasset" 291
"../../../Engine/Content/MobileResources/HUD/MobileHUDDirectionPad2.uasset" 292
"../../../Engine/Content/MobileResources/HUD/MobileHUDDirectionPad3.uasset" 293
"../../../Engine/Content/MobileResources/HUD/MobileHUDDirectionStick.uasset" 294
"../../../Engine/Content/MobileResources/HUD/T_Castle_ThumbstickInner.uasset" 295
"../../../Engine/Content/MobileResources/HUD/T_Castle_ThumbstickOutter.uasset" 296
"../../../Engine/Content/Tutorial/ContentIntroCurve.uasset" 297
"../../../Engine/Content/Tutorial/Basics/LevelEditorAttract.uasset" 298
"../../../Engine/Content/Tutorial/Basics/TutorialAssets/icon_tab_Levels_40x.uasset" 299
"../../../Engine/Content/Tutorial/Basics/LevelEditorOverview.uasset" 300
"../../../Engine/Content/Tutorial/BlueprintTutorials/TutorialAssets/Blueprint_64x.uasset" 301
"../../../Engine/Content/Tutorial/BlueprintTutorials/BlueprintEditorTutorial.uasset" 302
"../../../Engine/Content/Tutorial/BlueprintTutorials/LevelBlueprintEditorOverview.uasset" 303
"../../../Engine/Content/Tutorial/BlueprintTutorials/TutorialAssets/Tutorial_BP_MacroLib.uasset" 304
"../../../Engine/Content/Tutorial/Foliage/TutorialAssets/Foliage.uasset" 305
"../../../Engine/Content/Tutorial/Foliage/Foliage_Intro_Tutorial.uasset" 306
"../../../Engine/Content/Tutorial/Foliage/Foliage_Settings_Tutorial.uasset" 307
"../../../Engine/Content/Tutorial/Foliage/Foliage_Using_The_Tool_Tutorial.uasset" 308
"../../../Engine/Content/Tutorial/Installation/InstallingVisualStudioTutorial.uasset" 309
"../../../Engine/Content/Tutorial/Landscape/TutorialAssets/Landscape.uasset" 310
"../../../Engine/Content/Tutorial/Landscape/LandscapeWalkThrough.uasset" 311
"../../../Engine/Content/Tutorial/Landscape/Landscape_Manage_Mode.uasset" 312
"../../../Engine/Content/Tutorial/Landscape/Landscape_Painting_Mode.uasset" 313
"../../../Engine/Content/Tutorial/Landscape/Landscape_Sculpt_Mode.uasset" 314
"../../../Engine/Content/Tutorial/SubEditors/MaterialEditorTutorial.uasset" 315
"../../../Engine/Content/Tutorial/SubEditors/StaticMeshEditorTutorial.uasset" 316
"../../../Engine/Content/Tutorial/SubEditors/TutorialAssets/TutorialMaterial.uasset" 317
"../../../Engine/Content/VREditor/LaserPointer/VR_LaserPower_01.uasset" 318
"../../../Engine/Content/VREditor/TransformGizmo/TransformGizmoMaterial.uasset" 319
"../../../Engine/Content/VREditor/TransformGizmo/TranslucentTransformGizmoMaterial.uasset" 320
"../../../Engine/Content/VREditor/TransformGizmo/BoundingBoxCorner.uasset" 321
"../../../Engine/Content/VREditor/TransformGizmo/BoundingBoxEdge.uasset" 322
"../../../Engine/Content/VREditor/TransformGizmo/PlaneTranslationHandle.uasset" 323
"../../../Engine/Content/VREditor/TransformGizmo/Main.uasset" 324
"../../../Engine/Content/VREditor/TransformGizmo/Xray.uasset" 325
"../../../Engine/Content/VREditor/TransformGizmo/SM_Sequencer_Key.uasset" 326
"../../../Engine/Content/VREditor/TransformGizmo/SM_Sequencer_Node.uasset" 327
"../../Plugins/2D/Paper2D/Content/PlaceholderTextures/DummySpriteTexture.uasset" 328
"../../Plugins/2D/Paper2D/Content/DummySprite.uasset" 329
"../../Plugins/2D/Paper2D/Content/DefaultPaperTerrainMaterial.uasset" 330
"../../Plugins/2D/Paper2D/Content/DefaultSpriteMaterial.uasset" 331
"../../Plugins/2D/Paper2D/Content/MaskedUnlitSpriteMaterial.uasset" 332
"../../Plugins/2D/Paper2D/Content/OpaqueUnlitSpriteMaterial.uasset" 333
"../../Plugins/Enterprise/DatasmithContent/Content/Blueprints/FBXImporter/ArrayOfActor.uasset" 334
"../../Plugins/Enterprise/DatasmithContent/Content/Blueprints/FBXImporter/ArrayOfSwitch.uasset" 335
"../../Plugins/Enterprise/DatasmithContent/Content/Blueprints/FBXImporter/BP_SceneNode.uasset" 336
"../../Plugins/Enterprise/DatasmithContent/Content/Blueprints/FBXImporter/BP_Switch.uasset" 337
"../../Plugins/Enterprise/DatasmithContent/Content/Blueprints/FBXImporter/BP_SceneRoot.uasset" 338
"../../Plugins/Enterprise/DatasmithContent/Content/Blueprints/FBXImporter/FBXImporterUtils.uasset" 339
"../../Plugins/Enterprise/DatasmithContent/Content/Blueprints/FBXImporter/Animation/DeltaGenAnimationTrackType.uasset" 340
"../../Plugins/Enterprise/DatasmithContent/Content/Blueprints/FBXImporter/Animation/VREDAnimationTrackComponent.uasset" 341
"../../Plugins/Enterprise/DatasmithContent/Content/Blueprints/FBXImporter/Animation/VREDAnimationTrackType.uasset" 342
"../../Plugins/Enterprise/DatasmithContent/Content/Blueprints/FBXImporter/Animation/VREDAnimCurveComponent.uasset" 343
"../../Plugins/Enterprise/DatasmithContent/Content/Blueprints/FBXImporter/Animation/VREDAnimCurveType.uasset" 344
"../../Plugins/Enterprise/DatasmithContent/Content/Blueprints/FBXImporter/Variants/VariantSwitchType.uasset" 345
"../../Plugins/Enterprise/DatasmithContent/Content/Blueprints/FBXImporter/Variants/VREDVariantSwitchType.uasset" 346
"../../Plugins/Enterprise/DatasmithContent/Content/Blueprints/FBXImporter/Variants/VREDVariantType.uasset" 347
"../../Plugins/Runtime/Oculus/OculusVR/Content/OculusMR_RenderTarget.uasset" 348
"../../../Engine/Content/Functions/Engine_MaterialFunctions02/Utility/BreakOutFloat4Components.uasset" 349
"../../Plugins/Runtime/Oculus/OculusVR/Content/Materials/OculusMR_ChromaKey.uasset" 350
"../../Plugins/Runtime/Oculus/OculusVR/Content/Materials/OculusMR_ChromaKey_Lit.uasset" 351
"../../Plugins/Runtime/Oculus/OculusVR/Content/Materials/OculusMR_OpaqueColoredMaterial.uasset" 352
"../../Plugins/Runtime/Oculus/OculusVR/Content/Materials/OculusMR_WhiteMaterial.uasset" 353
"../../Plugins/Runtime/Oculus/OculusVR/Content/Materials/PokeAHoleMaterial.uasset" 354
"../../Plugins/Runtime/Oculus/OculusVR/Content/Textures/GearVRController_AO.uasset" 355
"../../Plugins/Runtime/Oculus/OculusVR/Content/Textures/GearVRController_Color.uasset" 356
"../../Plugins/Runtime/Oculus/OculusVR/Content/Textures/GearVRController_Normal.uasset" 357
"../../Plugins/Runtime/Oculus/OculusVR/Content/Materials/GearVRControllerMaterial.uasset" 358
"../../Plugins/Runtime/Oculus/OculusVR/Content/Meshes/GearVrController.uasset" 359
"../../Plugins/Runtime/Oculus/OculusVR/Content/Textures/touchController_albedo.uasset" 360
"../../Plugins/Runtime/Oculus/OculusVR/Content/Textures/touchController_controlmap.uasset" 361
"../../Plugins/Runtime/Oculus/OculusVR/Content/Materials/touchController_mat.uasset" 362
"../../Plugins/Runtime/Oculus/OculusVR/Content/Meshes/LeftTouchController.uasset" 363
"../../Plugins/Runtime/Oculus/OculusVR/Content/Meshes/RiftHMD.uasset" 364
"../../Plugins/Runtime/Oculus/OculusVR/Content/Meshes/RightTouchController.uasset" 365
"../../../Engine/Content/Maps/Entry_BuiltData.uasset" 366
"../../../Engine/Content/Maps/Entry.umap" 367
"../../../../../Works/3D Engine Apps/UnderGround Basilic/UGBasilic_UE4/Content/Blueprints/FlyingCharacter.uasset" 368
"../../../../../Works/3D Engine Apps/UnderGround Basilic/UGBasilic_UE4/Content/Blueprints/WalkingCharacter.uasset" 369
"../../Plugins/2D/Paper2D/Content/PlaceholderTextures/FlatNormalMap.uasset" 370
"../../../../../Works/3D Engine Apps/UnderGround Basilic/UGBasilic_UE4/Content/Materials/PBRBasic.uasset" 371
"../../../../../Works/3D Engine Apps/UnderGround Basilic/UGBasilic_UE4/Content/Textures/Wood__Floor.uasset" 372
"../../../../../Works/3D Engine Apps/UnderGround Basilic/UGBasilic_UE4/Content/Textures/Wood__Floor_normal.uasset" 373
"../../../../../Works/3D Engine Apps/UnderGround Basilic/UGBasilic_UE4/Content/Materials/PBWood.uasset" 374
"../../../Engine/Content/BasicShapes/Cube.uasset" 375
"../../../../../Works/3D Engine Apps/UnderGround Basilic/UGBasilic_UE4/Content/Blueprints/ActiveDoorBP.uasset" 376
"../../../Engine/Content/Functions/Engine_MaterialFunctions02/Utility/CameraDirectionVector.uasset" 377
"../../../Engine/Content/Functions/Engine_MaterialFunctions02/Utility/DepthFromWorldPosition.uasset" 378
"../../../../../Works/3D Engine Apps/UnderGround Basilic/UGBasilic_UE4/Content/Blueprints/EpicMaterials/MF_OccludedPixels.uasset" 379
"../../../../../Works/3D Engine Apps/UnderGround Basilic/UGBasilic_UE4/Content/Blueprints/EpicMaterials/TeleportMCP.uasset" 380
"../../../Engine/Content/EngineMaterials/Good64x64TilingNoiseHighFreq.uasset" 381
"../../../../../Works/3D Engine Apps/UnderGround Basilic/UGBasilic_UE4/Content/Blueprints/EpicMaterials/M_ArcEndpoint.uasset" 382
"../../../../../Works/3D Engine Apps/UnderGround Basilic/UGBasilic_UE4/Content/Blueprints/EpicMaterials/M_TeleportPreviews.uasset" 383
"../../../../../Works/3D Engine Apps/UnderGround Basilic/UGBasilic_UE4/Content/Blueprints/EpicMaterials/MI_TeleportCylinderPreview.uasset" 384
"../../../Engine/Content/BasicShapes/Cylinder.uasset" 385
"../../../../../Works/3D Engine Apps/UnderGround Basilic/UGBasilic_UE4/Content/Blueprints/EpicMaterials/BeaconDirection.uasset" 386
"../../../../../Works/3D Engine Apps/UnderGround Basilic/UGBasilic_UE4/Content/Blueprints/EpicMaterials/SM_FatCylinder.uasset" 387
"../../../../../Works/3D Engine Apps/UnderGround Basilic/UGBasilic_UE4/Content/Blueprints/HMDLocomotionPawn.uasset" 388
"../../../Engine/Content/Functions/Engine_MaterialFunctions01/ImageAdjustment/DeriveHDRfromLDR.uasset" 389
"../../../../../Works/3D Engine Apps/UnderGround Basilic/UGBasilic_UE4/Content/Blueprints/EpicMaterials/MF_FadeBasedOnViewAngle.uasset" 390
"../../../../../Works/3D Engine Apps/UnderGround Basilic/UGBasilic_UE4/Content/Blueprints/EpicMaterials/MF_SubUV_Detail.uasset" 391
"../../../../../Works/3D Engine Apps/UnderGround Basilic/UGBasilic_UE4/Content/Blueprints/EpicMaterials/T_fx_fire_fireball_subUV_01.uasset" 392
"../../../../../Works/3D Engine Apps/UnderGround Basilic/UGBasilic_UE4/Content/Blueprints/EpicMaterials/T_Inky_Smoke_Tile.uasset" 393
"../../../../../Works/3D Engine Apps/UnderGround Basilic/UGBasilic_UE4/Content/Blueprints/EpicMaterials/M_FX_Fire_Flamethrower_SubUV_01_Masked.uasset" 394
"../../../../../Works/3D Engine Apps/UnderGround Basilic/UGBasilic_UE4/Content/Blueprints/EpicMaterials/MF_CameraDistanceFade.uasset" 395
"../../../../../Works/3D Engine Apps/UnderGround Basilic/UGBasilic_UE4/Content/Blueprints/EpicMaterials/MF_Fire_CameraFade.uasset" 396
"../../../../../Works/3D Engine Apps/UnderGround Basilic/UGBasilic_UE4/Content/Blueprints/EpicMaterials/MF_FX_EmissiveModulate.uasset" 397
"../../../../../Works/3D Engine Apps/UnderGround Basilic/UGBasilic_UE4/Content/Blueprints/EpicMaterials/T_FireblastPacked_v2.uasset" 398
"../../../../../Works/3D Engine Apps/UnderGround Basilic/UGBasilic_UE4/Content/Blueprints/EpicMaterials/M_FX_Fireblast_SubUV_02.uasset" 399
"../../../Engine/Content/Functions/Engine_MaterialFunctions01/Coordinates/PixelInWorldUnits.uasset" 400
"../../../Engine/Content/Functions/Engine_MaterialFunctions01/Coordinates/WorldUnitsInPixel.uasset" 401
"../../../Engine/Content/Functions/Engine_MaterialFunctions03/Particles/ParticleDOF.uasset" 402
"../../../../../Works/3D Engine Apps/UnderGround Basilic/UGBasilic_UE4/Content/Blueprints/EpicMaterials/MF_ParticleRandomSize.uasset" 403
"../../../Engine/Content/Engine_MI_Shaders/Textures/Bokeh.uasset" 404
"../../../../../Works/3D Engine Apps/UnderGround Basilic/UGBasilic_UE4/Content/Blueprints/EpicMaterials/T_Spark_Soft.uasset" 405
"../../../../../Works/3D Engine Apps/UnderGround Basilic/UGBasilic_UE4/Content/Blueprints/EpicMaterials/T_SparkSingle.uasset" 406
"../../../../../Works/3D Engine Apps/UnderGround Basilic/UGBasilic_UE4/Content/Blueprints/EpicMaterials/M_Hotdog_Spark_VLerp_DOF_Rand_Master.uasset" 407
"../../../../../Works/3D Engine Apps/UnderGround Basilic/UGBasilic_UE4/Content/Blueprints/EpicMaterials/P_Temple_Fire_Small.uasset" 408
"../../../../../Works/3D Engine Apps/UnderGround Basilic/UGBasilic_UE4/Content/Blueprints/BP_Fires.uasset" 409
"../../../Engine/Content/EngineSky/C_Sky_Cloud_Color.uasset" 410
"../../../Engine/Content/EngineSky/C_Sky_Horizon_Color.uasset" 411
"../../../Engine/Content/EngineSky/C_Sky_Zenith_Color.uasset" 412
"../../../Engine/Content/EngineSky/T_Sky_Blue.uasset" 413
"../../../Engine/Content/EngineSky/T_Sky_Clouds_M.uasset" 414
"../../../Engine/Content/EngineSky/T_Sky_Stars.uasset" 415
"../../../Engine/Content/EngineSky/M_Sky_Panning_Clouds2.uasset" 416
"../../../Engine/Content/EngineSky/SM_SkySphere.uasset" 417
"../../../Engine/Content/EngineSky/BP_Sky_Sphere.uasset" 418
"../../../../../Works/3D Engine Apps/UnderGround Basilic/UGBasilic_UE4/Content/Blueprints/PlayerGameMode.uasset" 419
"../../../../../Works/3D Engine Apps/UnderGround Basilic/UGBasilic_UE4/Content/BasilicaUG_BuiltData.uasset" 420
"../../../../../Works/3D Engine Apps/UnderGround Basilic/UGBasilic_UE4/Content/Textures/Groundcover_Sand_Smooth.uasset" 421
"../../../../../Works/3D Engine Apps/UnderGround Basilic/UGBasilic_UE4/Content/Textures/Groundcover_Sand_Smooth-TX_NRM.uasset" 422
"../../../../../Works/3D Engine Apps/UnderGround Basilic/UGBasilic_UE4/Content/Materials/Ground.uasset" 423
"../../../../../Works/3D Engine Apps/UnderGround Basilic/UGBasilic_UE4/Content/Textures/material_2.uasset" 424
"../../../../../Works/3D Engine Apps/UnderGround Basilic/UGBasilic_UE4/Content/Textures/material_2_normal.uasset" 425
"../../../../../Works/3D Engine Apps/UnderGround Basilic/UGBasilic_UE4/Content/Materials/PBMAsonry1.uasset" 426
"../../../../../Works/3D Engine Apps/UnderGround Basilic/UGBasilic_UE4/Content/Textures/material_5.uasset" 427
"../../../../../Works/3D Engine Apps/UnderGround Basilic/UGBasilic_UE4/Content/Textures/material_5_normal.uasset" 428
"../../../../../Works/3D Engine Apps/UnderGround Basilic/UGBasilic_UE4/Content/Materials/PBWallBricksH.uasset" 429
"../../../../../Works/3D Engine Apps/UnderGround Basilic/UGBasilic_UE4/Content/Sprites/keyboard-key-icon.uasset" 430
"../../../../../Works/3D Engine Apps/UnderGround Basilic/UGBasilic_UE4/Content/Blueprints/ConstantOverlay.uasset" 431
"../../../../../Works/3D Engine Apps/UnderGround Basilic/UGBasilic_UE4/Content/Blueprints/HelpScreen.uasset" 432
"../../../../../Works/3D Engine Apps/UnderGround Basilic/UGBasilic_UE4/Content/Blueprints/TgControllerEnum.uasset" 433
"../../../Engine/Content/Functions/Engine_MaterialFunctions01/Texturing/FlattenNormal.uasset" 434
"../../../Engine/Content/Functions/Engine_MaterialFunctions03/Texturing/TwoSidedTexturing.uasset" 435
"../../../../../Works/3D Engine Apps/UnderGround Basilic/UGBasilic_UE4/Content/Textures/T_Fabric_N.uasset" 436
"../../../../../Works/3D Engine Apps/UnderGround Basilic/UGBasilic_UE4/Content/Textures/T_Flag_M.uasset" 437
"../../../../../Works/3D Engine Apps/UnderGround Basilic/UGBasilic_UE4/Content/Materials/M_Silk.uasset" 438
"../../../../../Works/3D Engine Apps/UnderGround Basilic/UGBasilic_UE4/Content/Textures/7.uasset" 439
"../../../../../Works/3D Engine Apps/UnderGround Basilic/UGBasilic_UE4/Content/Materials/M_Silk_Inst.uasset" 440
"../../../../../Works/3D Engine Apps/UnderGround Basilic/UGBasilic_UE4/Content/Modules/UGAnaloy.uasset" 441
"../../../../../Works/3D Engine Apps/UnderGround Basilic/UGBasilic_UE4/Content/Materials/PBRBasicDS.uasset" 442
"../../../../../Works/3D Engine Apps/UnderGround Basilic/UGBasilic_UE4/Content/Textures/material_10.uasset" 443
"../../../../../Works/3D Engine Apps/UnderGround Basilic/UGBasilic_UE4/Content/Textures/material_10_normal.uasset" 444
"../../../../../Works/3D Engine Apps/UnderGround Basilic/UGBasilic_UE4/Content/Materials/PBDSWindow.uasset" 445
"../../../../../Works/3D Engine Apps/UnderGround Basilic/UGBasilic_UE4/Content/Modules/UGBigWindow.uasset" 446
"../../../../../Works/3D Engine Apps/UnderGround Basilic/UGBasilic_UE4/Content/Textures/HorosSec1_001.uasset" 447
"../../../../../Works/3D Engine Apps/UnderGround Basilic/UGBasilic_UE4/Content/Materials/PBRDSCandle.uasset" 448
"../../../../../Works/3D Engine Apps/UnderGround Basilic/UGBasilic_UE4/Content/Modules/UGCandle.uasset" 449
"../../../../../Works/3D Engine Apps/UnderGround Basilic/UGBasilic_UE4/Content/Textures/material_4.uasset" 450
"../../../../../Works/3D Engine Apps/UnderGround Basilic/UGBasilic_UE4/Content/Textures/material_4_normal.uasset" 451
"../../../../../Works/3D Engine Apps/UnderGround Basilic/UGBasilic_UE4/Content/Materials/PBWallCaves.uasset" 452
"../../../../../Works/3D Engine Apps/UnderGround Basilic/UGBasilic_UE4/Content/Modules/UGCaves.uasset" 453
"../../../../../Works/3D Engine Apps/UnderGround Basilic/UGBasilic_UE4/Content/Materials/PBSolid.uasset" 454
"../../../../../Works/3D Engine Apps/UnderGround Basilic/UGBasilic_UE4/Content/Materials/PBCoper.uasset" 455
"../../../../../Works/3D Engine Apps/UnderGround Basilic/UGBasilic_UE4/Content/Modules/UGFloorCandelabra.uasset" 456
"../../../../../Works/3D Engine Apps/UnderGround Basilic/UGBasilic_UE4/Content/Materials/PBMAsonry0.uasset" 457
"../../../../../Works/3D Engine Apps/UnderGround Basilic/UGBasilic_UE4/Content/Modules/UGGrave.uasset" 458
"../../../../../Works/3D Engine Apps/UnderGround Basilic/UGBasilic_UE4/Content/Materials/PBWallBricksN.uasset" 459
"../../../../../Works/3D Engine Apps/UnderGround Basilic/UGBasilic_UE4/Content/Modules/UGHighAltar.uasset" 460
"../../../../../Works/3D Engine Apps/UnderGround Basilic/UGBasilic_UE4/Content/Materials/PBPlain.uasset" 461
"../../../../../Works/3D Engine Apps/UnderGround Basilic/UGBasilic_UE4/Content/Textures/material_1.uasset" 462
"../../../../../Works/3D Engine Apps/UnderGround Basilic/UGBasilic_UE4/Content/Materials/PBPlanGround.uasset" 463
"../../../../../Works/3D Engine Apps/UnderGround Basilic/UGBasilic_UE4/Content/Modules/UGHighPlan.uasset" 464
"../../../../../Works/3D Engine Apps/UnderGround Basilic/UGBasilic_UE4/Content/Textures/Candle_fire.uasset" 465
"../../../../../Works/3D Engine Apps/UnderGround Basilic/UGBasilic_UE4/Content/Materials/PBSingSIllum.uasset" 466
"../../../../../Works/3D Engine Apps/UnderGround Basilic/UGBasilic_UE4/Content/Materials/PBWax.uasset" 467
"../../../../../Works/3D Engine Apps/UnderGround Basilic/UGBasilic_UE4/Content/Modules/UGHoros.uasset" 468
"../../../../../Works/3D Engine Apps/UnderGround Basilic/UGBasilic_UE4/Content/Modules/UGLowAltar.uasset" 469
"../../../../../Works/3D Engine Apps/UnderGround Basilic/UGBasilic_UE4/Content/Textures/material_3.uasset" 470
"../../../../../Works/3D Engine Apps/UnderGround Basilic/UGBasilic_UE4/Content/Materials/PBPlanCave.uasset" 471
"../../../../../Works/3D Engine Apps/UnderGround Basilic/UGBasilic_UE4/Content/Modules/UGLowPlan.uasset" 472
"../../../../../Works/3D Engine Apps/UnderGround Basilic/UGBasilic_UE4/Content/Textures/material_6.uasset" 473
"../../../../../Works/3D Engine Apps/UnderGround Basilic/UGBasilic_UE4/Content/Textures/material_6_normal.uasset" 474
"../../../../../Works/3D Engine Apps/UnderGround Basilic/UGBasilic_UE4/Content/Materials/PBDSWoodCross.uasset" 475
"../../../../../Works/3D Engine Apps/UnderGround Basilic/UGBasilic_UE4/Content/Modules/UGPanel.uasset" 476
"../../../../../Works/3D Engine Apps/UnderGround Basilic/UGBasilic_UE4/Content/Modules/UGPole.uasset" 477
"../../../../../Works/3D Engine Apps/UnderGround Basilic/UGBasilic_UE4/Content/Textures/Roofing_Shingles_Variable.uasset" 478
"../../../../../Works/3D Engine Apps/UnderGround Basilic/UGBasilic_UE4/Content/Textures/Roofing_Shingles_Variable_normal.uasset" 479
"../../../../../Works/3D Engine Apps/UnderGround Basilic/UGBasilic_UE4/Content/Materials/PBRoofing.uasset" 480
"../../../../../Works/3D Engine Apps/UnderGround Basilic/UGBasilic_UE4/Content/Modules/UGRoofs.uasset" 481
"../../../../../Works/3D Engine Apps/UnderGround Basilic/UGBasilic_UE4/Content/Modules/UGSmallWindow.uasset" 482
"../../../../../Works/3D Engine Apps/UnderGround Basilic/UGBasilic_UE4/Content/Modules/UGStairs.uasset" 483
"../../../../../Works/3D Engine Apps/UnderGround Basilic/UGBasilic_UE4/Content/Modules/UGStropila.uasset" 484
"../../../../../Works/3D Engine Apps/UnderGround Basilic/UGBasilic_UE4/Content/Materials/FrontColor.uasset" 485
"../../../../../Works/3D Engine Apps/UnderGround Basilic/UGBasilic_UE4/Content/Modules/UGTorch.uasset" 486
"../../../../../Works/3D Engine Apps/UnderGround Basilic/UGBasilic_UE4/Content/Materials/PBDSWallThin.uasset" 487
"../../../../../Works/3D Engine Apps/UnderGround Basilic/UGBasilic_UE4/Content/Modules/UGWallsAltar.uasset" 488
"../../../../../Works/3D Engine Apps/UnderGround Basilic/UGBasilic_UE4/Content/Modules/UGWallsCenter.uasset" 489
"../../../../../Works/3D Engine Apps/UnderGround Basilic/UGBasilic_UE4/Content/Modules/UGWallsLeft.uasset" 490
"../../../../../Works/3D Engine Apps/UnderGround Basilic/UGBasilic_UE4/Content/Modules/UGWallsOuter.uasset" 491
"../../../../../Works/3D Engine Apps/UnderGround Basilic/UGBasilic_UE4/Content/Modules/UGWallsRight.uasset" 492
"../../../../../Works/3D Engine Apps/UnderGround Basilic/UGBasilic_UE4/Content/BasilicaUG.umap" 493
"../../../../../Works/3D Engine Apps/UnderGround Basilic/UGBasilic_UE4/Content/Sprites/blender_logo-2.uasset" 494
"../../../../../Works/3D Engine Apps/UnderGround Basilic/UGBasilic_UE4/Content/Sprites/Sketchup_logo.uasset" 495
"../../../../../Works/3D Engine Apps/UnderGround Basilic/UGBasilic_UE4/Content/Sprites/Unreal-engine-4-logo-wide-sm.uasset" 496
"../../../../../Works/3D Engine Apps/UnderGround Basilic/UGBasilic_UE4/Content/Blueprints/LoadinScreen.uasset" 497
"../../../../../Works/3D Engine Apps/UnderGround Basilic/UGBasilic_UE4/Content/Blueprints/VRUIProvider.uasset" 498
"../../../../../Works/3D Engine Apps/UnderGround Basilic/UGBasilic_UE4/Content/MainMenu_lvl_BuiltData.uasset" 499
"../../../../../Works/3D Engine Apps/UnderGround Basilic/UGBasilic_UE4/Content/MainMenu_lvl.umap" 500
